make all --print-data-base --no-builtin-variables --no-builtin-rules --question
# GNU Make 4.3
# Built for x86_64-redhat-linux-gnu
# Copyright (C) 1988-2020 Free Software Foundation, Inc.
# License GPLv3+: GNU GPL version 3 or later <http://gnu.org/licenses/gpl.html>
# This is free software: you are free to change and redistribute it.
# There is NO WARRANTY, to the extent permitted by law.

# Make data base, printed on Tue Mar 15 11:30:58 2022

# Variables

# environment
GDK_BACKEND = x11
# environment
LC_ALL = C
# environment
NO_AT_BRIDGE = 1
# environment
GJS_DEBUG_OUTPUT = stderr
# makefile (from 'makefile', line 6)
OFILES = $(CFILES:.c=.o)
# environment
VSCODE_IPC_HOOK_EXTHOST = /run/user/1000/vscode-ipc-3c7840f2-8f8d-4a57-9a4c-31c05b8c424f.sock
# makefile (from 'makefile', line 5)
CFILES = $(wildcard *.c)
# environment
VSCODE_CWD = /home/niko
# environment
GDM_LANG = nl_NL.UTF-8
# default
MAKE_COMMAND := make
# automatic
@D = $(patsubst %/,%,$(dir $@))
# environment
VSCODE_HANDLES_UNCAUGHT_ERRORS = true
# default
.VARIABLES := 
# environment
PWD = /home/niko/Documenten/Hr - Technisch Informatica/VIRTUALMIRROR/ReflectOS
# automatic
%D = $(patsubst %/,%,$(dir $%))
# environment
HOSTNAME = fedora
# environment
MAIL = /var/spool/mail/niko
# environment
XDG_DATA_DIRS = /home/niko/.local/share/flatpak/exports/share:/var/lib/flatpak/exports/share:/usr/local/share/:/usr/share/
# environment
OLDPWD = /home/niko
# automatic
^D = $(patsubst %/,%,$(dir $^))
# environment
VSCODE_LOG_STACK = false
# automatic
%F = $(notdir $%)
# environment
VSCODE_CODE_CACHE_PATH = /home/niko/.config/Code/CachedData/c722ca6c7eed3d7987c0d5c3df5c45f6b15e77d1
# environment
LANG = C
# environment
GUESTFISH_OUTPUT = \e[0m
# environment
XAUTHORITY = /run/user/1000/.mutter-Xwaylandauth.E6JUI1
# default
.LOADED := 
# default
.INCLUDE_DIRS = /usr/include /usr/local/include /usr/include
# environment
GUESTFISH_INIT = \e[1;34m
# makefile
MAKEFLAGS = pqrR
# makefile
CURDIR := /home/niko/Documenten/Hr - Technisch Informatica/VIRTUALMIRROR/ReflectOS
# environment
VSCODE_PIPE_LOGGING = true
# environment
APPLICATION_INSIGHTS_NO_DIAGNOSTIC_CHANNEL = 1
# environment
LESSOPEN = ||/usr/bin/lesspipe.sh %s
# automatic
*D = $(patsubst %/,%,$(dir $*))
# makefile (from 'makefile', line 2)
LINKERDIR = ../linker
# environment
MFLAGS = -pqrR
# environment
SSH_AUTH_SOCK = /run/user/1000/keyring/ssh
# default
.SHELLFLAGS := -c
# environment
WAYLAND_DISPLAY = wayland-0
# environment
HISTSIZE = 1000
# automatic
+D = $(patsubst %/,%,$(dir $+))
# environment
P9K_SSH = 0
# environment
XDG_SESSION_DESKTOP = gnome
# makefile (from 'makefile', line 1)
MAKEFILE_LIST := makefile
# automatic
@F = $(notdir $@)
# environment
VSCODE_VERBOSE_LOGGING = true
# environment
VSCODE_PID = 2976
# environment
XDG_SESSION_TYPE = wayland
# automatic
?D = $(patsubst %/,%,$(dir $?))
# environment
SESSION_MANAGER = local/unix:@/tmp/.ICE-unix/2104,unix/unix:/tmp/.ICE-unix/2104
# automatic
*F = $(notdir $*)
# environment
CHROME_DESKTOP = code-url-handler.desktop
# environment
DBUS_SESSION_BUS_ADDRESS = unix:path=/run/user/1000/bus
# automatic
<D = $(patsubst %/,%,$(dir $<))
# environment
VSCODE_NLS_CONFIG = {"locale":"nl","availableLanguages":{},"_languagePackSupport":true}
# default
MAKE_HOST := x86_64-redhat-linux-gnu
# makefile
SHELL = /bin/sh
# default
MAKECMDGOALS := all
# environment
XMODIFIERS = @im=ibus
# environment
DOTNET_BUNDLE_EXTRACT_BASE_DIR = /home/niko/.cache/dotnet_bundle_extract
# environment
GJS_DEBUG_TOPICS = JS ERROR;JS LOG
# environment
SHLVL = 0
# environment
MAKELEVEL := 0
# makefile (from 'makefile', line 3)
BOOTDIR = ../bootloader
# default
MAKE = $(MAKE_COMMAND)
# environment
PATH = /usr/local/bin:/usr/local/sbin:/usr/bin:/usr/sbin:/home/niko/bin:/home/niko/.composer/vendor/bin:/home/niko/.dotnet/tools:/home/niko/bin
# environment
MOZ_GMP_PATH = /usr/lib64/mozilla/plugins/gmp-gmpopenh264/system-installed
# default
MAKEFILES := 
# makefile (from 'makefile', line 7)
GCCFLAGS = -Wall -02 -I$(HEADERDIR) -I$(BOOTDIR) -I$(LINKERDIR) -ffreestanding -nostdinc -nostdlib -nostartfiles 
# automatic
^F = $(notdir $^)
# environment
INVOCATION_ID = 40f45203f36a4f0498c92f8280d8fb0a
# environment
VSCODE_LOG_NATIVE = false
# environment
USERNAME = niko
# environment
GNOME_SETUP_DISPLAY = :1
# automatic
?F = $(notdir $?)
# environment
GUESTFISH_PS1 = \[\e[1;32m\]><fs>\[\e[0;31m\] 
# makefile (from 'makefile', line 8)
GCCPATH = 
# environment
XDG_CURRENT_DESKTOP = GNOME
# environment
KDEDIRS = /usr
# automatic
+F = $(notdir $+)
# environment
DESKTOP_SESSION = gnome
# environment
ORIGINAL_XDG_CURRENT_DESKTOP = GNOME
# 'override' directive
GNUMAKEFLAGS := 
# environment
LOGNAME = niko
# environment
GIO_LAUNCHED_DESKTOP_FILE = /usr/share/applications/code.desktop
# makefile
.DEFAULT_GOAL := all
# environment
SYSTEMD_EXEC_PID = 2127
# environment
HISTCONTROL = ignoredups
# environment
EDITOR = /usr/bin/nano
# environment
DISPLAY = :0
# environment
USER = niko
# default
MAKE_VERSION := 4.3
# environment
MANAGERPID = 2003
# environment
which_declare = typeset -f
# environment
DEBUGINFOD_URLS = https://debuginfod.fedoraproject.org/ 
# environment
GIO_LAUNCHED_DESKTOP_FILE_PID = 2976
# environment
_ = /usr/bin/make
# environment
XDG_RUNTIME_DIR = /run/user/1000
# environment
JOURNAL_STREAM = 8:39011
# environment
XDG_SESSION_CLASS = user
# environment
VSCODE_AMD_ENTRYPOINT = vs/workbench/api/node/extensionHostProcess
# environment
HOME = /home/niko
# environment
QT_IM_MODULE = ibus
# environment
ELECTRON_RUN_AS_NODE = 1
# environment
VSCODE_IPC_HOOK = /run/user/1000/vscode-c0daf13a-1.65.2-main.sock
# makefile (from 'makefile', line 4)
SRCDIR = ../src
# default
.RECIPEPREFIX := 
# automatic
<F = $(notdir $<)
# makefile (from 'makefile', line 1)
HEADERDIR = ../headers
# default
SUFFIXES := 
# environment
GUESTFISH_RESTORE = \e[0m
# default
.FEATURES := target-specific order-only second-expansion else-if shortest-stem undefine oneshell nocomment grouped-target extra-prereqs archives jobserver output-sync check-symlink guile load
# environment
XDG_MENU_PREFIX = gnome-
# environment
DOTNET_ROOT = /usr/lib64/dotnet
# environment
GDMSESSION = gnome
# variable set hash-table stats:
# Load=116/1024=11%, Rehash=0, Collisions=7/146=5%

# Pattern-specific Variable Values

# No pattern-specific variable values.

# Directories

# . (device 40, inode 4898141): 13 files, no impossibilities.

# 13 files, no impossibilities in 1 directories.

# Implicit Rules

# No implicit rules.

# Files

kernel.o: kernel.c
#  Implicit rule search has not been done.
#  Modification time never checked.
#  File has not been updated.
#  recipe to execute (from 'makefile', line 16):
	

boot.o: boot.s
#  Implicit rule search has not been done.
#  Modification time never checked.
#  File has not been updated.
#  recipe to execute (from 'makefile', line 13):
		

# Not a target:
clean:
#  Implicit rule search has been done.
#  File does not exist.
#  File has not been updated.

# Not a target:
.DEFAULT:
#  Implicit rule search has not been done.
#  Modification time never checked.
#  File has not been updated.

all: clean kernel8.img
#  Command line target.
#  Implicit rule search has been done.
#  File does not exist.
#  File has not been updated.

# Not a target:
kernel.c:
#  Implicit rule search has not been done.
#  Modification time never checked.
#  File has not been updated.

# Not a target:
makefile:
#  Implicit rule search has been done.
 
make: *** No rule to make target 'clean', needed by 'all'.  Stop.
 
#  Last modified 2022-03-12 20:37:05.366065503
#  File has been updated.
#  Successfully updated.

# Not a target:
boot.s:
#  Implicit rule search has not been done.
#  Modification time never checked.
#  File has not been updated.

# Not a target:
kernel8.img:
#  Implicit rule search has not been done.
#  Modification time never checked.
#  File has not been updated.

# files hash-table stats:
# Load=10/1024=1%, Rehash=0, Collisions=0/25=0%
# VPATH Search Paths

# No 'vpath' search paths.

# No general ('VPATH' variable) search path.

# strcache buffers: 1 (0) / strings = 24 / storage = 199 B / avg = 8 B
# current buf: size = 8162 B / used = 199 B / count = 24 / avg = 8 B

# strcache performance: lookups = 32 / hit rate = 25%
# hash-table stats:
# Load=24/8192=0%, Rehash=0, Collisions=0/32=0%
# Finished Make data base on Tue Mar 15 11:30:58 2022

 
